<?xml version="1.0" encoding="UTF-8"?>
<!-- Generated by org.testng.reporters.JUnitXMLReporter -->
<testsuite ignored="0" hostname="LAPTOP-73JHDUTB" failures="1" tests="2" name="Test" time="48.033" errors="0" timestamp="2024-02-09T18:54:47 IST">
  <testcase classname="coverFoxTest.CF_TC556_Validaate_Pincode_Error_Msg" name="Validaate_Pincode_Error_Msg" time="0.018">
    <failure type="java.lang.AssertionError" message="null">
      <![CDATA[java.lang.AssertionError: null
at coverFoxTest.CF_TC556_Validaate_Pincode_Error_Msg.Validaate_Pincode_Error_Msg(CF_TC556_Validaate_Pincode_Error_Msg.java:71)
at java.base/java.util.ArrayList.forEach(ArrayList.java:1511)
... Removed 29 stack frames]]>
    </failure>
  </testcase> <!-- Validaate_Pincode_Error_Msg -->
  <testcase classname="coverFoxTest.CF_TC555_validate_search_result_for_healthcare_policies" name="validateTestPlansFromTextAndBanner" time="13.257"/>
</testsuite> <!-- Test -->
