<?xml version="1.0" encoding="UTF-8"?>
<testng-results ignored="0" total="1" passed="1" failed="0" skipped="0">
  <reporter-output>
    <line>
      <![CDATA[launching driver]]>
    </line>
    <line>
      <![CDATA[clicking gender button]]>
    </line>
    <line>
      <![CDATA[clicking on next button]]>
    </line>
    <line>
      <![CDATA[handling dropdown button]]>
    </line>
    <line>
      <![CDATA[clicking on next button]]>
    </line>
    <line>
      <![CDATA[entering mobile]]>
    </line>
    <line>
      <![CDATA[click on continue]]>
    </line>
    <line>
      <![CDATA[Validating pinCode Error msg]]>
    </line>
    <line>
      <![CDATA[TC is passed]]>
    </line>
    <line>
      <![CDATA[closing browser]]>
    </line>
    <line>
      <![CDATA[closing driver]]>
    </line>
  </reporter-output>
  <suite started-at="2024-02-18T21:31:46 IST" name="Default suite" finished-at="2024-02-18T21:32:06 IST" duration-ms="19997">
    <groups>
    </groups>
    <test started-at="2024-02-18T21:31:46 IST" name="Default test" finished-at="2024-02-18T21:32:06 IST" duration-ms="19997">
      <class name="coverFoxTest.CF_TC556_Validaate_Pincode_Error_Msg">
        <test-method is-config="true" signature="launchBrowser()[pri:0, instance:coverFoxTest.CF_TC556_Validaate_Pincode_Error_Msg@5fbe4146]" started-at="2024-02-18T21:31:46 IST" name="launchBrowser" finished-at="2024-02-18T21:31:52 IST" duration-ms="6742" status="PASS">
          <reporter-output>
            <line>
              <![CDATA[launching driver]]>
            </line>
          </reporter-output>
        </test-method> <!-- launchBrowser -->
        <test-method is-config="true" signature="enterMemberDetails()[pri:0, instance:coverFoxTest.CF_TC556_Validaate_Pincode_Error_Msg@5fbe4146]" started-at="2024-02-18T21:31:52 IST" name="enterMemberDetails" finished-at="2024-02-18T21:32:00 IST" duration-ms="7990" status="PASS">
          <reporter-output>
            <line>
              <![CDATA[clicking gender button]]>
            </line>
            <line>
              <![CDATA[clicking on next button]]>
            </line>
            <line>
              <![CDATA[handling dropdown button]]>
            </line>
            <line>
              <![CDATA[clicking on next button]]>
            </line>
            <line>
              <![CDATA[entering mobile]]>
            </line>
            <line>
              <![CDATA[click on continue]]>
            </line>
          </reporter-output>
        </test-method> <!-- enterMemberDetails -->
        <test-method signature="Validaate_Pincode_Error_Msg()[pri:0, instance:coverFoxTest.CF_TC556_Validaate_Pincode_Error_Msg@5fbe4146]" started-at="2024-02-18T21:32:00 IST" name="Validaate_Pincode_Error_Msg" finished-at="2024-02-18T21:32:01 IST" duration-ms="64" status="PASS">
          <reporter-output>
            <line>
              <![CDATA[Validating pinCode Error msg]]>
            </line>
            <line>
              <![CDATA[TC is passed]]>
            </line>
          </reporter-output>
        </test-method> <!-- Validaate_Pincode_Error_Msg -->
        <test-method is-config="true" signature="closeBrowser()[pri:0, instance:coverFoxTest.CF_TC556_Validaate_Pincode_Error_Msg@5fbe4146]" started-at="2024-02-18T21:32:01 IST" name="closeBrowser" finished-at="2024-02-18T21:32:06 IST" duration-ms="5137" status="PASS">
          <reporter-output>
            <line>
              <![CDATA[closing browser]]>
            </line>
            <line>
              <![CDATA[closing driver]]>
            </line>
          </reporter-output>
        </test-method> <!-- closeBrowser -->
      </class> <!-- coverFoxTest.CF_TC556_Validaate_Pincode_Error_Msg -->
    </test> <!-- Default test -->
  </suite> <!-- Default suite -->
</testng-results>
