<?xml version="1.0" encoding="UTF-8"?>
<testng-results ignored="0" total="2" passed="1" failed="1" skipped="0">
  <reporter-output>
    <line>
      <![CDATA[launching driver]]>
    </line>
    <line>
      <![CDATA[clicking gender button]]>
    </line>
    <line>
      <![CDATA[clicking on next button]]>
    </line>
    <line>
      <![CDATA[handling dropdown button]]>
    </line>
    <line>
      <![CDATA[clicking on next button]]>
    </line>
    <line>
      <![CDATA[entering pin]]>
    </line>
    <line>
      <![CDATA[entering mobile]]>
    </line>
    <line>
      <![CDATA[click on continue]]>
    </line>
    <line>
      <![CDATA[Validating pinCode Error msg]]>
    </line>
    <line>
      <![CDATA[Taking Screenshot]]>
    </line>
    <line>
      <![CDATA[saved screenshot atD:\Sonali\screenshot\coverfoxscreenshotValidaate_Pincode_Error_Msg_2024.02.02.23.24.35.png]]>
    </line>
    <line>
      <![CDATA[closing browser]]>
    </line>
    <line>
      <![CDATA[closing driver]]>
    </line>
    <line>
      <![CDATA[launching driver]]>
    </line>
    <line>
      <![CDATA[clicking gender button]]>
    </line>
    <line>
      <![CDATA[clicking on next button]]>
    </line>
    <line>
      <![CDATA[handling dropdown button]]>
    </line>
    <line>
      <![CDATA[clicking on next button]]>
    </line>
    <line>
      <![CDATA[entering pin]]>
    </line>
    <line>
      <![CDATA[entering mobile]]>
    </line>
    <line>
      <![CDATA[click on continue]]>
    </line>
    <line>
      <![CDATA[fetching number of result from text]]>
    </line>
    <line>
      <![CDATA[fetching number of result from banner]]>
    </line>
    <line>
      <![CDATA[TC passed]]>
    </line>
    <line>
      <![CDATA[Taking Screenshot]]>
    </line>
    <line>
      <![CDATA[saved screenshot atD:\Sonali\screenshot\coverfoxscreenshotCF_TC555_2024.02.02.23.25.04.png]]>
    </line>
    <line>
      <![CDATA[closing browser]]>
    </line>
  </reporter-output>
  <suite started-at="2024-02-02T23:24:14 IST" name="Suite" finished-at="2024-02-02T23:25:08 IST" duration-ms="53189">
    <groups>
    </groups>
    <test started-at="2024-02-02T23:24:14 IST" name="Test" finished-at="2024-02-02T23:25:08 IST" duration-ms="53189">
      <class name="coverFoxTest.CF_TC555_validate_search_result_for_healthcare_policies">
        <test-method is-config="true" signature="launchBrowser()[pri:0, instance:coverFoxTest.CF_TC555_validate_search_result_for_healthcare_policies@1190200a]" started-at="2024-02-02T23:24:41 IST" name="launchBrowser" finished-at="2024-02-02T23:24:46 IST" duration-ms="4720" status="PASS">
          <reporter-output>
            <line>
              <![CDATA[launching driver]]>
            </line>
          </reporter-output>
        </test-method> <!-- launchBrowser -->
        <test-method is-config="true" signature="enterMemberDetails()[pri:0, instance:coverFoxTest.CF_TC555_validate_search_result_for_healthcare_policies@1190200a]" started-at="2024-02-02T23:24:46 IST" name="enterMemberDetails" finished-at="2024-02-02T23:24:51 IST" duration-ms="5326" status="PASS">
          <reporter-output>
            <line>
              <![CDATA[clicking gender button]]>
            </line>
            <line>
              <![CDATA[clicking on next button]]>
            </line>
            <line>
              <![CDATA[handling dropdown button]]>
            </line>
            <line>
              <![CDATA[clicking on next button]]>
            </line>
            <line>
              <![CDATA[entering pin]]>
            </line>
            <line>
              <![CDATA[entering mobile]]>
            </line>
            <line>
              <![CDATA[click on continue]]>
            </line>
          </reporter-output>
        </test-method> <!-- enterMemberDetails -->
        <test-method signature="validateTestPlansFromTextAndBanner()[pri:0, instance:coverFoxTest.CF_TC555_validate_search_result_for_healthcare_policies@1190200a]" started-at="2024-02-02T23:24:51 IST" name="validateTestPlansFromTextAndBanner" finished-at="2024-02-02T23:25:04 IST" duration-ms="13220" status="PASS">
          <reporter-output>
            <line>
              <![CDATA[fetching number of result from text]]>
            </line>
            <line>
              <![CDATA[fetching number of result from banner]]>
            </line>
            <line>
              <![CDATA[TC passed]]>
            </line>
            <line>
              <![CDATA[Taking Screenshot]]>
            </line>
            <line>
              <![CDATA[saved screenshot atD:\Sonali\screenshot\coverfoxscreenshotCF_TC555_2024.02.02.23.25.04.png]]>
            </line>
          </reporter-output>
        </test-method> <!-- validateTestPlansFromTextAndBanner -->
        <test-method is-config="true" signature="closeBrowser()[pri:0, instance:coverFoxTest.CF_TC555_validate_search_result_for_healthcare_policies@1190200a]" started-at="2024-02-02T23:25:04 IST" name="closeBrowser" finished-at="2024-02-02T23:25:08 IST" duration-ms="3139" status="PASS">
          <reporter-output>
            <line>
              <![CDATA[closing browser]]>
            </line>
          </reporter-output>
        </test-method> <!-- closeBrowser -->
      </class> <!-- coverFoxTest.CF_TC555_validate_search_result_for_healthcare_policies -->
      <class name="coverFoxTest.CF_TC556_Validaate_Pincode_Error_Msg">
        <test-method is-config="true" signature="launchBrowser()[pri:0, instance:coverFoxTest.CF_TC556_Validaate_Pincode_Error_Msg@58a9760d]" started-at="2024-02-02T23:24:14 IST" name="launchBrowser" finished-at="2024-02-02T23:24:24 IST" duration-ms="9503" status="PASS">
          <reporter-output>
            <line>
              <![CDATA[launching driver]]>
            </line>
          </reporter-output>
        </test-method> <!-- launchBrowser -->
        <test-method is-config="true" signature="enterMemberDetails()[pri:0, instance:coverFoxTest.CF_TC556_Validaate_Pincode_Error_Msg@58a9760d]" started-at="2024-02-02T23:24:24 IST" name="enterMemberDetails" finished-at="2024-02-02T23:24:30 IST" duration-ms="5828" status="PASS">
          <reporter-output>
            <line>
              <![CDATA[clicking gender button]]>
            </line>
            <line>
              <![CDATA[clicking on next button]]>
            </line>
            <line>
              <![CDATA[handling dropdown button]]>
            </line>
            <line>
              <![CDATA[clicking on next button]]>
            </line>
            <line>
              <![CDATA[entering pin]]>
            </line>
            <line>
              <![CDATA[entering mobile]]>
            </line>
            <line>
              <![CDATA[click on continue]]>
            </line>
          </reporter-output>
        </test-method> <!-- enterMemberDetails -->
        <test-method signature="Validaate_Pincode_Error_Msg()[pri:0, instance:coverFoxTest.CF_TC556_Validaate_Pincode_Error_Msg@58a9760d]" started-at="2024-02-02T23:24:30 IST" name="Validaate_Pincode_Error_Msg" finished-at="2024-02-02T23:24:35 IST" duration-ms="5069" status="FAIL">
          <exception class="org.openqa.selenium.NoSuchElementException">
            <message>
              <![CDATA[no such element: Unable to locate element: {"method":"xpath","selector":"//div[contains(text(),'valid pincode')]"}
  (Session info: chrome=121.0.6167.140)
For documentation on this error, please visit: https://www.selenium.dev/documentation/webdriver/troubleshooting/errors#no-such-element-exception
Build info: version: '4.13.0', revision: 'ba948ece5b*'
System info: os.name: 'Windows 11', os.arch: 'amd64', os.version: '10.0', java.version: '17.0.8'
Driver info: org.openqa.selenium.chrome.ChromeDriver
Command: [ef239224b6756d67f090a7ba722ec5bb, findElement {using=xpath, value=//div[contains(text(),'valid pincode')]}]
Capabilities {acceptInsecureCerts: false, browserName: chrome, browserVersion: 121.0.6167.140, chrome: {chromedriverVersion: 121.0.6167.85 (3f98d690ad7e..., userDataDir: C:\Users\SHIVAR~1\AppData\L...}, fedcm:accounts: true, goog:chromeOptions: {debuggerAddress: localhost:54133}, networkConnectionEnabled: false, pageLoadStrategy: normal, platformName: windows, proxy: Proxy(), se:cdp: ws://localhost:54133/devtoo..., se:cdpVersion: 121.0.6167.140, setWindowRect: true, strictFileInteractability: false, timeouts: {implicit: 0, pageLoad: 300000, script: 30000}, unhandledPromptBehavior: dismiss and notify, webauthn:extension:credBlob: true, webauthn:extension:largeBlob: true, webauthn:extension:minPinLength: true, webauthn:extension:prf: true, webauthn:virtualAuthenticators: true}
Session ID: ef239224b6756d67f090a7ba722ec5bb]]>
            </message>
            <full-stacktrace>
              <![CDATA[org.openqa.selenium.NoSuchElementException: no such element: Unable to locate element: {"method":"xpath","selector":"//div[contains(text(),'valid pincode')]"}
  (Session info: chrome=121.0.6167.140)
For documentation on this error, please visit: https://www.selenium.dev/documentation/webdriver/troubleshooting/errors#no-such-element-exception
Build info: version: '4.13.0', revision: 'ba948ece5b*'
System info: os.name: 'Windows 11', os.arch: 'amd64', os.version: '10.0', java.version: '17.0.8'
Driver info: org.openqa.selenium.chrome.ChromeDriver
Command: [ef239224b6756d67f090a7ba722ec5bb, findElement {using=xpath, value=//div[contains(text(),'valid pincode')]}]
Capabilities {acceptInsecureCerts: false, browserName: chrome, browserVersion: 121.0.6167.140, chrome: {chromedriverVersion: 121.0.6167.85 (3f98d690ad7e..., userDataDir: C:\Users\SHIVAR~1\AppData\L...}, fedcm:accounts: true, goog:chromeOptions: {debuggerAddress: localhost:54133}, networkConnectionEnabled: false, pageLoadStrategy: normal, platformName: windows, proxy: Proxy(), se:cdp: ws://localhost:54133/devtoo..., se:cdpVersion: 121.0.6167.140, setWindowRect: true, strictFileInteractability: false, timeouts: {implicit: 0, pageLoad: 300000, script: 30000}, unhandledPromptBehavior: dismiss and notify, webauthn:extension:credBlob: true, webauthn:extension:largeBlob: true, webauthn:extension:minPinLength: true, webauthn:extension:prf: true, webauthn:virtualAuthenticators: true}
Session ID: ef239224b6756d67f090a7ba722ec5bb
at java.base/jdk.internal.reflect.NativeConstructorAccessorImpl.newInstance0(Native Method)
at java.base/jdk.internal.reflect.NativeConstructorAccessorImpl.newInstance(NativeConstructorAccessorImpl.java:77)
at java.base/jdk.internal.reflect.DelegatingConstructorAccessorImpl.newInstance(DelegatingConstructorAccessorImpl.java:45)
at java.base/java.lang.reflect.Constructor.newInstanceWithCaller(Constructor.java:499)
at java.base/java.lang.reflect.Constructor.newInstance(Constructor.java:480)
at org.openqa.selenium.remote.codec.w3c.W3CHttpResponseCodec.createException(W3CHttpResponseCodec.java:200)
at org.openqa.selenium.remote.codec.w3c.W3CHttpResponseCodec.decode(W3CHttpResponseCodec.java:133)
at org.openqa.selenium.remote.codec.w3c.W3CHttpResponseCodec.decode(W3CHttpResponseCodec.java:52)
at org.openqa.selenium.remote.HttpCommandExecutor.execute(HttpCommandExecutor.java:191)
at org.openqa.selenium.remote.service.DriverCommandExecutor.invokeExecute(DriverCommandExecutor.java:196)
at org.openqa.selenium.remote.service.DriverCommandExecutor.execute(DriverCommandExecutor.java:171)
at org.openqa.selenium.remote.RemoteWebDriver.execute(RemoteWebDriver.java:602)
at org.openqa.selenium.remote.ElementLocation$ElementFinder$2.findElement(ElementLocation.java:165)
at org.openqa.selenium.remote.ElementLocation.findElement(ElementLocation.java:59)
at org.openqa.selenium.remote.RemoteWebDriver.findElement(RemoteWebDriver.java:359)
at org.openqa.selenium.remote.RemoteWebDriver.findElement(RemoteWebDriver.java:353)
at org.openqa.selenium.support.pagefactory.DefaultElementLocator.findElement(DefaultElementLocator.java:68)
at org.openqa.selenium.support.pagefactory.internal.LocatingElementHandler.invoke(LocatingElementHandler.java:38)
at jdk.proxy2/jdk.proxy2.$Proxy21.isDisplayed(Unknown Source)
at coverFoxPOM.CoverFoxAddressDetailsPage.validatePincodeErrorMsg(CoverFoxAddressDetailsPage.java:32)
at coverFoxTest.CF_TC556_Validaate_Pincode_Error_Msg.Validaate_Pincode_Error_Msg(CF_TC556_Validaate_Pincode_Error_Msg.java:73)
at java.base/jdk.internal.reflect.NativeMethodAccessorImpl.invoke0(Native Method)
at java.base/jdk.internal.reflect.NativeMethodAccessorImpl.invoke(NativeMethodAccessorImpl.java:77)
at java.base/jdk.internal.reflect.DelegatingMethodAccessorImpl.invoke(DelegatingMethodAccessorImpl.java:43)
at java.base/java.lang.reflect.Method.invoke(Method.java:568)
at org.testng.internal.invokers.MethodInvocationHelper.invokeMethod(MethodInvocationHelper.java:139)
at org.testng.internal.invokers.TestInvoker.invokeMethod(TestInvoker.java:664)
at org.testng.internal.invokers.TestInvoker.invokeTestMethod(TestInvoker.java:227)
at org.testng.internal.invokers.MethodRunner.runInSequence(MethodRunner.java:50)
at org.testng.internal.invokers.TestInvoker$MethodInvocationAgent.invoke(TestInvoker.java:957)
at org.testng.internal.invokers.TestInvoker.invokeTestMethods(TestInvoker.java:200)
at org.testng.internal.invokers.TestMethodWorker.invokeTestMethods(TestMethodWorker.java:148)
at org.testng.internal.invokers.TestMethodWorker.run(TestMethodWorker.java:128)
at java.base/java.util.ArrayList.forEach(ArrayList.java:1511)
at org.testng.TestRunner.privateRun(TestRunner.java:848)
at org.testng.TestRunner.run(TestRunner.java:621)
at org.testng.SuiteRunner.runTest(SuiteRunner.java:443)
at org.testng.SuiteRunner.runSequentially(SuiteRunner.java:437)
at org.testng.SuiteRunner.privateRun(SuiteRunner.java:397)
at org.testng.SuiteRunner.run(SuiteRunner.java:336)
at org.testng.SuiteRunnerWorker.runSuite(SuiteRunnerWorker.java:52)
at org.testng.SuiteRunnerWorker.run(SuiteRunnerWorker.java:95)
at org.testng.TestNG.runSuitesSequentially(TestNG.java:1280)
at org.testng.TestNG.runSuitesLocally(TestNG.java:1200)
at org.testng.TestNG.runSuites(TestNG.java:1114)
at org.testng.TestNG.run(TestNG.java:1082)
at org.testng.remote.AbstractRemoteTestNG.run(AbstractRemoteTestNG.java:115)
at org.testng.remote.RemoteTestNG.initAndRun(RemoteTestNG.java:251)
at org.testng.remote.RemoteTestNG.main(RemoteTestNG.java:77)
]]>
            </full-stacktrace>
          </exception> <!-- org.openqa.selenium.NoSuchElementException -->
          <reporter-output>
            <line>
              <![CDATA[Validating pinCode Error msg]]>
            </line>
            <line>
              <![CDATA[Taking Screenshot]]>
            </line>
            <line>
              <![CDATA[saved screenshot atD:\Sonali\screenshot\coverfoxscreenshotValidaate_Pincode_Error_Msg_2024.02.02.23.24.35.png]]>
            </line>
          </reporter-output>
        </test-method> <!-- Validaate_Pincode_Error_Msg -->
        <test-method is-config="true" signature="closeBrowser()[pri:0, instance:coverFoxTest.CF_TC556_Validaate_Pincode_Error_Msg@58a9760d]" started-at="2024-02-02T23:24:35 IST" name="closeBrowser" finished-at="2024-02-02T23:24:41 IST" duration-ms="6195" status="PASS">
          <reporter-output>
            <line>
              <![CDATA[closing browser]]>
            </line>
            <line>
              <![CDATA[closing driver]]>
            </line>
          </reporter-output>
        </test-method> <!-- closeBrowser -->
      </class> <!-- coverFoxTest.CF_TC556_Validaate_Pincode_Error_Msg -->
    </test> <!-- Test -->
  </suite> <!-- Suite -->
</testng-results>
